Determining if the pthread_create exist failed with the following output:
Change Dir: /home/nuwan/projects/ros/robot/catkin_ws/build/CMakeFiles/CMakeTmp

Run Build Command:"/usr/bin/make" "cmTC_1b5dc/fast"
/usr/bin/make -f CMakeFiles/cmTC_1b5dc.dir/build.make CMakeFiles/cmTC_1b5dc.dir/build
make[1]: Entering directory '/home/nuwan/projects/ros/robot/catkin_ws/build/CMakeFiles/CMakeTmp'
Building C object CMakeFiles/cmTC_1b5dc.dir/CheckSymbolExists.c.o
/usr/bin/cc    -o CMakeFiles/cmTC_1b5dc.dir/CheckSymbolExists.c.o   -c /home/nuwan/projects/ros/robot/catkin_ws/build/CMakeFiles/CMakeTmp/CheckSymbolExists.c
Linking C executable cmTC_1b5dc
/usr/bin/cmake -E cmake_link_script CMakeFiles/cmTC_1b5dc.dir/link.txt --verbose=1
/usr/bin/cc      -rdynamic CMakeFiles/cmTC_1b5dc.dir/CheckSymbolExists.c.o  -o cmTC_1b5dc 
CMakeFiles/cmTC_1b5dc.dir/CheckSymbolExists.c.o: In function `main':
CheckSymbolExists.c:(.text+0x1b): undefined reference to `pthread_create'
collect2: error: ld returned 1 exit status
CMakeFiles/cmTC_1b5dc.dir/build.make:97: recipe for target 'cmTC_1b5dc' failed
make[1]: *** [cmTC_1b5dc] Error 1
make[1]: Leaving directory '/home/nuwan/projects/ros/robot/catkin_ws/build/CMakeFiles/CMakeTmp'
Makefile:126: recipe for target 'cmTC_1b5dc/fast' failed
make: *** [cmTC_1b5dc/fast] Error 2

File /home/nuwan/projects/ros/robot/catkin_ws/build/CMakeFiles/CMakeTmp/CheckSymbolExists.c:
/* */
#include <pthread.h>

int main(int argc, char** argv)
{
  (void)argv;
#ifndef pthread_create
  return ((int*)(&pthread_create))[argc];
#else
  (void)argc;
  return 0;
#endif
}

Determining if the function pthread_create exists in the pthreads failed with the following output:
Change Dir: /home/nuwan/projects/ros/robot/catkin_ws/build/CMakeFiles/CMakeTmp

Run Build Command:"/usr/bin/make" "cmTC_bfd86/fast"
/usr/bin/make -f CMakeFiles/cmTC_bfd86.dir/build.make CMakeFiles/cmTC_bfd86.dir/build
make[1]: Entering directory '/home/nuwan/projects/ros/robot/catkin_ws/build/CMakeFiles/CMakeTmp'
Building C object CMakeFiles/cmTC_bfd86.dir/CheckFunctionExists.c.o
/usr/bin/cc   -DCHECK_FUNCTION_EXISTS=pthread_create   -o CMakeFiles/cmTC_bfd86.dir/CheckFunctionExists.c.o   -c /usr/share/cmake-3.10/Modules/CheckFunctionExists.c
Linking C executable cmTC_bfd86
/usr/bin/cmake -E cmake_link_script CMakeFiles/cmTC_bfd86.dir/link.txt --verbose=1
/usr/bin/cc  -DCHECK_FUNCTION_EXISTS=pthread_create    -rdynamic CMakeFiles/cmTC_bfd86.dir/CheckFunctionExists.c.o  -o cmTC_bfd86 -lpthreads 
/usr/bin/ld: cannot find -lpthreads
collect2: error: ld returned 1 exit status
CMakeFiles/cmTC_bfd86.dir/build.make:97: recipe for target 'cmTC_bfd86' failed
make[1]: *** [cmTC_bfd86] Error 1
make[1]: Leaving directory '/home/nuwan/projects/ros/robot/catkin_ws/build/CMakeFiles/CMakeTmp'
Makefile:126: recipe for target 'cmTC_bfd86/fast' failed
make: *** [cmTC_bfd86/fast] Error 2


